Aug  3 06:37:27 ubuntu systemd-logind[802]: New seat seat0.
Aug  3 06:37:27 ubuntu systemd-logind[802]: Watching system buttons on /dev/input/event0 (Power Button)
Aug  3 06:37:27 ubuntu systemd-logind[802]: Watching system buttons on /dev/input/event1 (AT Translated Set 2 keyboard)
Aug  3 06:38:42 ubuntu gdm-launch-environment]: pam_unix(gdm-launch-environment:session): session opened for user gdm by (uid=0)
Aug  3 06:38:42 ubuntu systemd-logind[802]: New session c1 of user gdm.
Aug  3 06:38:42 ubuntu systemd: pam_unix(systemd-user:session): session opened for user gdm by (uid=0)
Aug  3 06:38:49 ubuntu polkitd(authority=local): Registered Authentication Agent for unix-session:c1 (system bus name :1.50 [/usr/bin/gnome-shell], object path /org/freedesktop/PolicyKit1/AuthenticationAgent, locale en_US.UTF-8)
Aug  3 06:38:55 ubuntu gdm-password]: gkr-pam: unable to locate daemon control file
Aug  3 06:38:55 ubuntu gdm-password]: gkr-pam: stashed password to try later in open session
Aug  3 06:38:55 ubuntu gdm-password]: pam_unix(gdm-password:session): session opened for user ubuntu by (uid=0)
Aug  3 06:38:55 ubuntu systemd-logind[802]: New session 2 of user ubuntu.
Aug  3 06:38:55 ubuntu systemd: pam_unix(systemd-user:session): session opened for user ubuntu by (uid=0)
Aug  3 06:38:55 ubuntu gdm-password]: gkr-pam: gnome-keyring-daemon started properly and unlocked keyring
Aug  3 06:39:00 ubuntu gnome-keyring-daemon[3591]: The Secret Service was already initialized
Aug  3 06:39:00 ubuntu gnome-keyring-daemon[3591]: The PKCS#11 component was already initialized
Aug  3 06:39:04 ubuntu polkitd(authority=local): Registered Authentication Agent for unix-session:2 (system bus name :1.86 [/usr/bin/gnome-shell], object path /org/freedesktop/PolicyKit1/AuthenticationAgent, locale en_US.UTF-8)
Aug  3 06:39:11 ubuntu gdm-launch-environment]: pam_unix(gdm-launch-environment:session): session closed for user gdm
Aug  3 06:39:11 ubuntu systemd-logind[802]: Session c1 logged out. Waiting for processes to exit.
Aug  3 06:39:11 ubuntu systemd-logind[802]: Removed session c1.
Aug  3 06:39:11 ubuntu polkitd(authority=local): Unregistered Authentication Agent for unix-session:c1 (system bus name :1.50, object path /org/freedesktop/PolicyKit1/AuthenticationAgent, locale en_US.UTF-8) (disconnected from bus)
Aug  3 06:40:14 ubuntu pkexec: pam_unix(polkit-1:session): session opened for user root by (uid=1000)
Aug  3 06:40:14 ubuntu pkexec[4386]: ubuntu: Executing command [USER=root] [TTY=unknown] [CWD=/home/ubuntu] [COMMAND=/usr/lib/update-notifier/package-system-locked]
Aug  3 06:41:30 ubuntu sudo: pam_unix(sudo:auth): authentication failure; logname= uid=1000 euid=0 tty=/dev/pts/0 ruser=ubuntu rhost=  user=ubuntu
Aug  3 06:41:45 ubuntu sudo:   ubuntu : 3 incorrect password attempts ; TTY=pts/0 ; PWD=/home/ubuntu ; USER=root ; COMMAND=/usr/bin/apt install net-tools
Aug  3 06:41:53 ubuntu sudo:   ubuntu : TTY=pts/0 ; PWD=/home/ubuntu ; USER=root ; COMMAND=/usr/bin/apt instll net-tools
Aug  3 06:41:53 ubuntu sudo: pam_unix(sudo:session): session opened for user root by (uid=0)
Aug  3 06:41:53 ubuntu sudo: pam_unix(sudo:session): session closed for user root
Aug  3 06:41:57 ubuntu sudo:   ubuntu : TTY=pts/0 ; PWD=/home/ubuntu ; USER=root ; COMMAND=/usr/bin/apt install net-tools
Aug  3 06:41:57 ubuntu sudo: pam_unix(sudo:session): session opened for user root by (uid=0)
Aug  3 06:42:20 ubuntu sudo: pam_unix(sudo:session): session closed for user root
Aug  3 06:43:27 ubuntu pkexec: pam_unix(polkit-1:session): session opened for user root by (uid=1000)
Aug  3 06:43:27 ubuntu pkexec[5474]: ubuntu: Executing command [USER=root] [TTY=unknown] [CWD=/home/ubuntu] [COMMAND=/usr/lib/update-notifier/package-system-locked]
Aug  3 06:54:40 ubuntu systemd-logind[835]: New seat seat0.
Aug  3 06:54:40 ubuntu systemd-logind[835]: Watching system buttons on /dev/input/event0 (Power Button)
Aug  3 06:54:40 ubuntu systemd-logind[835]: Watching system buttons on /dev/input/event1 (AT Translated Set 2 keyboard)
Aug  3 06:54:41 ubuntu gdm-launch-environment]: pam_unix(gdm-launch-environment:session): session opened for user gdm by (uid=0)
Aug  3 06:54:41 ubuntu systemd-logind[835]: New session c1 of user gdm.
Aug  3 06:54:41 ubuntu systemd: pam_unix(systemd-user:session): session opened for user gdm by (uid=0)
Aug  3 06:54:48 ubuntu polkitd(authority=local): Registered Authentication Agent for unix-session:c1 (system bus name :1.36 [/usr/bin/gnome-shell], object path /org/freedesktop/PolicyKit1/AuthenticationAgent, locale en_US.UTF-8)
Aug  3 06:58:58 ubuntu gdm-password]: gkr-pam: unable to locate daemon control file
Aug  3 06:58:58 ubuntu gdm-password]: gkr-pam: stashed password to try later in open session
Aug  3 06:58:58 ubuntu gdm-password]: pam_unix(gdm-password:session): session opened for user ubuntu by (uid=0)
Aug  3 06:58:58 ubuntu systemd-logind[835]: New session 2 of user ubuntu.
Aug  3 06:58:59 ubuntu systemd: pam_unix(systemd-user:session): session opened for user ubuntu by (uid=0)
Aug  3 06:58:59 ubuntu gdm-password]: gkr-pam: gnome-keyring-daemon started properly and unlocked keyring
Aug  3 06:59:04 ubuntu gnome-keyring-daemon[1522]: The Secret Service was already initialized
Aug  3 06:59:04 ubuntu gnome-keyring-daemon[1522]: The PKCS#11 component was already initialized
Aug  3 06:59:08 ubuntu polkitd(authority=local): Registered Authentication Agent for unix-session:2 (system bus name :1.82 [/usr/bin/gnome-shell], object path /org/freedesktop/PolicyKit1/AuthenticationAgent, locale en_US.UTF-8)
Aug  3 06:59:18 ubuntu gdm-launch-environment]: pam_unix(gdm-launch-environment:session): session closed for user gdm
Aug  3 06:59:18 ubuntu systemd-logind[835]: Session c1 logged out. Waiting for processes to exit.
Aug  3 06:59:18 ubuntu systemd-logind[835]: Removed session c1.
Aug  3 06:59:18 ubuntu polkitd(authority=local): Unregistered Authentication Agent for unix-session:c1 (system bus name :1.36, object path /org/freedesktop/PolicyKit1/AuthenticationAgent, locale en_US.UTF-8) (disconnected from bus)
Aug  3 07:00:18 ubuntu pkexec: pam_unix(polkit-1:session): session opened for user root by (uid=1000)
Aug  3 07:00:18 ubuntu pkexec[2239]: ubuntu: Executing command [USER=root] [TTY=unknown] [CWD=/home/ubuntu] [COMMAND=/usr/lib/update-notifier/package-system-locked]
Aug  3 07:00:50 ubuntu sudo: pam_unix(sudo:auth): authentication failure; logname= uid=1000 euid=0 tty=/dev/pts/0 ruser=ubuntu rhost=  user=ubuntu
Aug  3 07:01:08 ubuntu sudo:   ubuntu : 3 incorrect password attempts ; TTY=pts/0 ; PWD=/home/ubuntu ; USER=root ; COMMAND=/usr/bin/hostnamectl set-hostname ubuntu20-1
Aug  3 07:01:16 ubuntu sudo:   ubuntu : TTY=pts/0 ; PWD=/home/ubuntu ; USER=root ; COMMAND=/usr/bin/hostnamectl set-hostname ubuntu20-1
Aug  3 07:01:16 ubuntu sudo: pam_unix(sudo:session): session opened for user root by (uid=0)
Aug  3 07:01:17 ubuntu sudo: pam_unix(sudo:session): session closed for user root
Aug  3 07:02:04 ubuntu sudo:   ubuntu : TTY=pts/0 ; PWD=/home/ubuntu ; USER=root ; COMMAND=/usr/sbin/ifconfig enss38 10.0.0.1/24
Aug  3 07:02:04 ubuntu sudo: pam_unix(sudo:session): session opened for user root by (uid=0)
Aug  3 07:02:04 ubuntu sudo: pam_unix(sudo:session): session closed for user root
                                                                                                                                                                                                                                                                                                               Aug  3 07:27:53 ubuntu20-1 systemd-logind[830]: New seat seat0.
Aug  3 07:27:53 ubuntu20-1 systemd-logind[830]: Watching system buttons on /dev/input/event0 (Power Button)
Aug  3 07:27:53 ubuntu20-1 systemd-logind[830]: Watching system buttons on /dev/input/event1 (AT Translated Set 2 keyboard)
Aug  3 07:27:54 ubuntu20-1 gdm-launch-environment]: pam_unix(gdm-launch-environment:session): session opened for user gdm by (uid=0)
Aug  3 07:27:54 ubuntu20-1 systemd-logind[830]: New session c1 of user gdm.
Aug  3 07:27:54 ubuntu20-1 systemd: pam_unix(systemd-user:session): session opened for user gdm by (uid=0)
Aug  3 07:28:02 ubuntu20-1 polkitd(authority=local): Registered Authentication Agent for unix-session:c1 (system bus name :1.36 [/usr/bin/gnome-shell], object path /org/freedesktop/PolicyKit1/AuthenticationAgent, locale en_US.UTF-8)
Aug  3 07:28:18 ubuntu20-1 gdm-password]: gkr-pam: unable to locate daemon control file
Aug  3 07:28:18 ubuntu20-1 gdm-password]: gkr-pam: stashed password to try later in open session
Aug  3 07:28:18 ubuntu20-1 gdm-password]: pam_unix(gdm-password:session): session opened for user ubuntu by (uid=0)
Aug  3 07:28:18 ubuntu20-1 systemd-logind[830]: New session 2 of user ubuntu.
Aug  3 07:28:18 ubuntu20-1 systemd: pam_unix(systemd-user:session): session opened for user ubuntu by (uid=0)
Aug  3 07:28:19 ubuntu20-1 gdm-password]: gkr-pam: gnome-keyring-daemon started properly and unlocked keyring
Aug  3 07:28:24 ubuntu20-1 gnome-keyring-daemon[1462]: The Secret Service was already initialized
Aug  3 07:28:24 ubuntu20-1 gnome-keyring-daemon[1462]: The PKCS#11 component was already initialized
Aug  3 07:28:27 ubuntu20-1 polkitd(authority=local): Registered Authentication Agent for unix-session:2 (system bus name :1.82 [/usr/bin/gnome-shell], object path /org/freedesktop/PolicyKit1/AuthenticationAgent, locale en_US.UTF-8)
Aug  3 07:28:34 ubuntu20-1 gdm-launch-environment]: pam_unix(gdm-launch-environment:session): session closed for user gdm
Aug  3 07:28:34 ubuntu20-1 systemd-logind[830]: Session c1 logged out. Waiting for processes to exit.
Aug  3 07:28:35 ubuntu20-1 systemd-logind[830]: Removed session c1.
Aug  3 07:28:35 ubuntu20-1 polkitd(authority=local): Unregistered Authentication Agent for unix-session:c1 (system bus name :1.36, object path /org/freedesktop/PolicyKit1/AuthenticationAgent, locale en_US.UTF-8) (disconnected from bus)
Aug  3 07:29:12 ubuntu20-1 sudo: pam_unix(sudo:auth): conversation failed
Aug  3 07:29:12 ubuntu20-1 sudo: pam_unix(sudo:auth): auth could not identify password for [ubuntu]
Aug  3 07:29:36 ubuntu20-1 pkexec: pam_unix(polkit-1:session): session opened for user root by (uid=1000)
Aug  3 07:29:36 ubuntu20-1 pkexec[2272]: ubuntu: Executing command [USER=root] [TTY=unknown] [CWD=/home/ubuntu] [COMMAND=/usr/lib/update-notifier/package-system-locked]
Aug  3 07:30:01 ubuntu20-1 CRON[2289]: pam_unix(cron:session): session opened for user root by (uid=0)
Aug  3 07:30:01 ubuntu20-1 CRON[2289]: pam_unix(cron:session): session closed for user root
Aug  3 07:30:04 ubuntu20-1 sudo:   ubuntu : TTY=pts/0 ; PWD=/home/ubuntu ; USER=root ; COMMAND=/usr/sbin/ifconfig ens37 10.0.0.1/24
Aug  3 07:30:04 ubuntu20-1 sudo: pam_unix(sudo:session): session opened for user root by (uid=0)
Aug  3 07:30:04 ubuntu20-1 sudo: pam_unix(sudo:session): session closed for user root
Aug  3 07:46:14 ubuntu20-1 gdm-password]: gkr-pam: unlocked login keyring
Aug  3 07:52:27 ubuntu20-1 sudo:   ubuntu : TTY=pts/0 ; PWD=/home/ubuntu ; USER=root ; COMMAND=/usr/bin/apt install openssh-server
Aug  3 07:52:27 ubuntu20-1 sudo: pam_unix(sudo:session): session opened for user root by (uid=0)
Aug  3 07:52:49 ubuntu20-1 useradd[2759]: new user: name=sshd, UID=128, GID=65534, home=/run/sshd, shell=/usr/sbin/nologin, from=none
Aug  3 07:52:49 ubuntu20-1 usermod[2767]: change user 'sshd' password
Aug  3 07:52:49 ubuntu20-1 chage[2774]: changed password expiry for sshd
Aug  3 07:52:54 ubuntu20-1 sshd[2912]: Server listening on 0.0.0.0 port 22.
Aug  3 07:52:54 ubuntu20-1 sshd[2912]: Server listening on :: port 22.
Aug  3 07:53:09 ubuntu20-1 sudo: pam_unix(sudo:session): session closed for user root
Aug  3 07:53:21 ubuntu20-1 sshd[3979]: Connection reset by 192.168.227.1 port 63013 [preauth]
Aug  3 07:53:35 ubuntu20-1 sshd[3985]: Accepted password for ubuntu from 192.168.227.1 port 63014 ssh2
Aug  3 07:53:35 ubuntu20-1 sshd[3985]: pam_unix(sshd:session): session opened for user ubuntu by (uid=0)
Aug  3 07:53:35 ubuntu20-1 systemd-logind[830]: New session 5 of user ubuntu.
Aug  3 07:53:35 ubuntu20-1 pkexec: pam_unix(polkit-1:session): session opened for user root by (uid=1000)
Aug  3 07:53:35 ubuntu20-1 pkexec[4078]: ubuntu: Executing command [USER=root] [TTY=unknown] [CWD=/home/ubuntu] [COMMAND=/usr/lib/update-notifier/package-system-locked]
Aug  3 07:54:53 ubuntu20-1 sudo:   ubuntu : TTY=pts/1 ; PWD=/home/ubuntu ; USER=root ; COMMAND=/usr/sbin/ifconfig ens37 10.0.0.1/24
Aug  3 07:54:53 ubuntu20-1 sudo: pam_unix(sudo:session): session opened for user root by ubuntu(uid=0)
Aug  3 07:54:53 ubuntu20-1 sudo: pam_unix(sudo:session): session closed for user root
Aug  3 07:55:37 ubuntu20-1 sudo:   ubuntu : TTY=pts/1 ; PWD=/home/ubuntu ; USER=root ; COMMAND=/usr/sbin/ifconfig ens37 10.0.0.1/24
Aug  3 07:55:37 ubuntu20-1 sudo: pam_unix(sudo:session): session opened for user root by ubuntu(uid=0)
Aug  3 07:55:37 ubuntu20-1 sudo: pam_unix(sudo:session): session closed for user root
Aug  3 07:55:47 ubuntu20-1 sshd[4121]: Received disconnect from 192.168.227.1 port 63014:11: disconnected by user
Aug  3 07:55:47 ubuntu20-1 sshd[4121]: Disconnected from user ubuntu 192.168.227.1 port 63014
Aug  3 07:55:47 ubuntu20-1 sshd[3985]: pam_unix(sshd:session): session closed for user ubuntu
Aug  3 07:55:47 ubuntu20-1 systemd-logind[830]: Session 5 logged out. Waiting for processes to exit.
Aug  3 07:55:47 ubuntu20-1 systemd-logind[830]: Removed session 5.
Aug  4 02:55:29 ubuntu20-1 systemd-logind[843]: New seat seat0.
Aug  4 02:55:29 ubuntu20-1 systemd-logind[843]: Watching system buttons on /dev/input/event0 (Power Button)
Aug  4 02:55:29 ubuntu20-1 systemd-logind[843]: Watching system buttons on /dev/input/event1 (AT Translated Set 2 keyboard)
Aug  4 02:55:30 ubuntu20-1 sshd[921]: Server listening on 0.0.0.0 port 22.
Aug  4 02:55:30 ubuntu20-1 sshd[921]: Server listening on :: port 22.
Aug  4 02:55:30 ubuntu20-1 gdm-launch-environment]: pam_unix(gdm-launch-environment:session): session opened for user gdm by (uid=0)
Aug  4 02:55:30 ubuntu20-1 systemd-logind[843]: New session c1 of user gdm.
Aug  4 02:55:30 ubuntu20-1 systemd: pam_unix(systemd-user:session): session opened for user gdm by (uid=0)
Aug  4 02:55:39 ubuntu20-1 polkitd(authority=local): Registered Authentication Agent for unix-session:c1 (system bus name :1.38 [/usr/bin/gnome-shell], object path /org/freedesktop/PolicyKit1/AuthenticationAgent, locale en_US.UTF-8)
Aug  4 03:10:01 ubuntu20-1 CRON[2598]: pam_unix(cron:session): session opened for user root by (uid=0)
Aug  4 03:10:02 ubuntu20-1 CRON[2598]: pam_unix(cron:session): session closed for user root
Aug  4 03:13:52 ubuntu20-1 gdm-password]: gkr-pam: unable to locate daemon control file
Aug  4 03:13:52 ubuntu20-1 gdm-password]: gkr-pam: stashed password to try later in open session
Aug  4 03:13:52 ubuntu20-1 gdm-password]: pam_unix(gdm-password:session): session opened for user ubuntu by (uid=0)
Aug  4 03:13:52 ubuntu20-1 systemd-logind[843]: New session 3 of user ubuntu.
Aug  4 03:13:52 ubuntu20-1 systemd: pam_unix(systemd-user:session): session opened for user ubuntu by (uid=0)
Aug  4 03:13:53 ubuntu20-1 gdm-password]: gkr-pam: gnome-keyring-daemon started properly and unlocked keyring
Aug  4 03:13:58 ubuntu20-1 gnome-keyring-daemon[2660]: The Secret Service was already initialized
Aug  4 03:13:58 ubuntu20-1 gnome-keyring-daemon[2660]: The PKCS#11 component was already initialized
Aug  4 03:14:03 ubuntu20-1 polkitd(authority=local): Registered Authentication Agent for unix-session:3 (system bus name :1.90 [/usr/bin/gnome-shell], object path /org/freedesktop/PolicyKit1/AuthenticationAgent, locale en_US.UTF-8)
Aug  4 03:14:11 ubuntu20-1 gdm-launch-environment]: pam_unix(gdm-launch-environment:session): session closed for user gdm
Aug  4 03:14:11 ubuntu20-1 systemd-logind[843]: Session c1 logged out. Waiting for processes to exit.
Aug  4 03:14:12 ubuntu20-1 polkitd(authority=local): Unregistered Authentication Agent for unix-session:c1 (system bus name :1.38, object path /org/freedesktop/PolicyKit1/AuthenticationAgent, locale en_US.UTF-8) (disconnected from bus)
Aug  4 03:14:12 ubuntu20-1 systemd-logind[843]: Removed session c1.
Aug  4 03:15:13 ubuntu20-1 sshd[3365]: Accepted password for ubuntu from 192.168.227.1 port 52404 ssh2
Aug  4 03:15:13 ubuntu20-1 sshd[3365]: pam_unix(sshd:session): session opened for user ubuntu by (uid=0)
Aug  4 03:15:13 ubuntu20-1 systemd-logind[843]: New session 5 of user ubuntu.
Aug  4 03:15:14 ubuntu20-1 pkexec: pam_unix(polkit-1:session): session opened for user root by (uid=1000)
Aug  4 03:15:14 ubuntu20-1 pkexec[3490]: ubuntu: Executing command [USER=root] [TTY=unknown] [CWD=/home/ubuntu] [COMMAND=/usr/lib/update-notifier/package-system-locked]
Aug  4 03:17:01 ubuntu20-1 CRON[3508]: pam_unix(cron:session): session opened for user root by (uid=0)
Aug  4 03:17:01 ubuntu20-1 CRON[3508]: pam_unix(cron:session): session closed for user root
Aug  4 03:23:23 ubuntu20-1 sudo:   ubuntu : TTY=pts/1 ; PWD=/home/ubuntu ; USER=root ; COMMAND=/usr/sbin/ifconfig ens37 10.0.0.1/24
Aug  4 03:23:23 ubuntu20-1 sudo: pam_unix(sudo:session): session opened for user root by ubuntu(uid=0)
Aug  4 03:23:23 ubuntu20-1 sudo: pam_unix(sudo:session): session closed for user root
Aug  4 03:27:55 ubuntu20-1 gdm-password]: gkr-pam: unlocked login keyring
Aug  4 03:31:39 ubuntu20-1 PackageKit: uid 1000 is trying to obtain org.freedesktop.packagekit.system-sources-refresh auth (only_trusted:0)
Aug  4 03:31:39 ubuntu20-1 PackageKit: uid 1000 obtained auth for org.freedesktop.packagekit.system-sources-refresh
Aug  4 03:33:12 ubuntu20-1 pkexec: pam_unix(polkit-1:session): session opened for user root by (uid=1000)
Aug  4 03:33:12 ubuntu20-1 pkexec[4656]: ubuntu: Executing command [USER=root] [TTY=unknown] [CWD=/home/ubuntu] [COMMAND=/usr/lib/update-notifier/package-system-locked]
Aug  4 03:41:48 ubuntu20-1 sudo:   ubuntu : TTY=pts/1 ; PWD=/home/ubuntu ; USER=root ; COMMAND=/usr/sbin/arp -d 10.0.0.3
Aug  4 03:41:48 ubuntu20-1 sudo: pam_unix(sudo:session): session opened for user root by ubuntu(uid=0)
Aug  4 03:41:48 ubuntu20-1 sudo: pam_unix(sudo:session): session closed for user root
Aug  4 03:44:48 ubuntu20-1 sudo:   ubuntu : TTY=pts/1 ; PWD=/home/ubuntu ; USER=root ; COMMAND=/usr/sbin/tcpdump
Aug  4 03:44:48 ubuntu20-1 sudo: pam_unix(sudo:session): session opened for user root by ubuntu(uid=0)
Aug  4 03:44:48 ubuntu20-1 sudo: pam_unix(sudo:session): session closed for user root
Aug  4 04:17:01 ubuntu20-1 CRON[4748]: pam_unix(cron:session): session opened for user root by (uid=0)
Aug  4 04:17:01 ubuntu20-1 CRON[4748]: pam_unix(cron:session): session closed for user root
Aug  4 04:24:11 ubuntu20-1 sudo: pam_unix(sudo:auth): authentication failure; logname=ubuntu uid=1000 euid=0 tty=/dev/pts/1 ruser=ubuntu rhost=  user=ubuntu
Aug  4 04:24:13 ubuntu20-1 sudo:   ubuntu : 1 incorrect password attempt ; TTY=pts/1 ; PWD=/home/ubuntu ; USER=root ; COMMAND=/usr/sbin/tcpdump -i ens38 -nne -w icmp1.pcap
Aug  4 04:25:08 ubuntu20-1 sudo:   ubuntu : TTY=pts/1 ; PWD=/home/ubuntu ; USER=root ; COMMAND=/usr/sbin/tcpdump -i ens37 -nne -w icmp1.pcap
Aug  4 04:25:08 ubuntu20-1 sudo: pam_unix(sudo:session): session opened for user root by ubuntu(uid=0)
Aug  4 04:26:03 ubuntu20-1 sudo: pam_unix(sudo:session): session closed for user root
Aug  4 04:37:13 ubuntu20-1 sshd[3473]: Received disconnect from 192.168.227.1 port 52404:11: disconnected by user
Aug  4 04:37:13 ubuntu20-1 sshd[3473]: Disconnected from user ubuntu 192.168.227.1 port 52404
Aug  4 04:37:13 ubuntu20-1 sshd[3365]: pam_unix(sshd:session): session closed for user ubuntu
Aug  4 04:37:13 ubuntu20-1 systemd-logind[843]: Session 5 logged out. Waiting for processes to exit.
Aug  4 04:37:13 ubuntu20-1 systemd-logind[843]: Removed session 5.
Aug  4 04:37:38 ubuntu20-1 gdm-password]: gkr-pam: unlocked login keyring
Aug  4 04:39:32 ubuntu20-1 sshd[4855]: Accepted password for ubuntu from 192.168.227.1 port 56349 ssh2
Aug  4 04:39:32 ubuntu20-1 sshd[4855]: pam_unix(sshd:session): session opened for user ubuntu by (uid=0)
Aug  4 04:39:32 ubuntu20-1 systemd-logind[843]: New session 8 of user ubuntu.
Aug  4 04:56:15 ubuntu20-1 sudo: pam_unix(sudo:auth): authentication failure; logname=ubuntu uid=1000 euid=0 tty=/dev/pts/1 ruser=ubuntu rhost=  user=ubuntu
Aug  4 04:56:17 ubuntu20-1 sudo:   ubuntu : 1 incorrect password attempt ; TTY=pts/1 ; PWD=/home/ubuntu ; USER=root ; COMMAND=/usr/sbin/tcpdump -i ens33 -w nvaer.pcap
Aug  4 04:58:21 ubuntu20-1 sudo:   ubuntu : TTY=pts/1 ; PWD=/home/ubuntu ; USER=root ; COMMAND=/usr/sbin/arp -d 10.0.0.2
Aug  4 04:58:21 ubuntu20-1 sudo: pam_unix(sudo:session): session opened for user root by ubuntu(uid=0)
Aug  4 04:58:21 ubuntu20-1 sudo: pam_unix(sudo:session): session closed for user root
Aug  4 04:59:13 ubuntu20-1 sudo:   ubuntu : TTY=pts/1 ; PWD=/home/ubuntu ; USER=root ; COMMAND=/usr/bin/snap install curl
Aug  4 04:59:13 ubuntu20-1 sudo: pam_unix(sudo:session): session opened for user root by ubuntu(uid=0)
Aug  4 04:59:31 ubuntu20-1 sudo: pam_unix(sudo:session): session closed for user root
Aug  4 05:00:12 ubuntu20-1 pkexec: pam_unix(polkit-1:session): session opened for user root by (uid=1000)
Aug  4 05:00:12 ubuntu20-1 pkexec[5824]: ubuntu: Executing command [USER=root] [TTY=unknown] [CWD=/home/ubuntu] [COMMAND=/usr/lib/update-notifier/package-system-locked]
Aug  4 05:17:01 ubuntu20-1 CRON[5853]: pam_unix(cron:session): session opened for user root by (uid=0)
Aug  4 05:17:01 ubuntu20-1 CRON[5853]: pam_unix(cron:session): session closed for user root
Aug  4 05:21:12 ubuntu20-1 pkexec: pam_unix(polkit-1:session): session opened for user root by (uid=1000)
Aug  4 05:21:12 ubuntu20-1 pkexec[5910]: ubuntu: Executing command [USER=root] [TTY=unknown] [CWD=/home/ubuntu] [COMMAND=/usr/lib/update-notifier/package-system-locked]
Aug  4 05:21:35 ubuntu20-1 gdm-password]: gkr-pam: unlocked login keyring
Aug  4 05:34:31 ubuntu20-1 gdm-password]: gkr-pam: unlocked login keyring
Aug  4 05:41:45 ubuntu20-1 sudo: pam_unix(sudo:auth): authentication failure; logname=ubuntu uid=1000 euid=0 tty=/dev/pts/1 ruser=ubuntu rhost=  user=ubuntu
Aug  4 05:41:51 ubuntu20-1 sudo:   ubuntu : 3 incorrect password attempts ; TTY=pts/1 ; PWD=/home/ubuntu ; USER=root ; COMMAND=/usr/sbin/route add -net 0.0.0.0.0 gw10.0.0.1
Aug  4 05:42:37 ubuntu20-1 sudo:   ubuntu : TTY=pts/1 ; PWD=/home/ubuntu ; USER=root ; COMMAND=/usr/sbin/tcpdump -i ens37 -nn incp
Aug  4 05:42:37 ubuntu20-1 sudo: pam_unix(sudo:session): session opened for user root by ubuntu(uid=0)
Aug  4 05:42:37 ubuntu20-1 sudo: pam_unix(sudo:session): session closed for user root
Aug  4 05:42:56 ubuntu20-1 sudo:   ubuntu : TTY=pts/1 ; PWD=/home/ubuntu ; USER=root ; COMMAND=/usr/sbin/tcpdump -i ens37 -nn icmp
Aug  4 05:42:56 ubuntu20-1 sudo: pam_unix(sudo:session): session opened for user root by ubuntu(uid=0)
Aug  4 05:45:19 ubuntu20-1 sudo: pam_unix(sudo:session): session closed for user root
Aug  4 06:08:19 ubuntu20-1 gdm-password]: gkr-pam: unlocked login keyring
Aug  4 06:11:11 ubuntu20-1 PackageKit: uid 1000 is trying to obtain org.freedesktop.packagekit.system-sources-refresh auth (only_trusted:0)
Aug  4 06:11:11 ubuntu20-1 PackageKit: uid 1000 obtained auth for org.freedesktop.packagekit.system-sources-refresh
Aug  4 06:11:30 ubuntu20-1 PackageKit: uid 1000 is trying to obtain org.freedesktop.packagekit.system-sources-refresh auth (only_trusted:0)
Aug  4 06:11:30 ubuntu20-1 PackageKit: uid 1000 obtained auth for org.freedesktop.packagekit.system-sources-refresh
Aug  4 06:11:45 ubuntu20-1 PackageKit: uid 1000 is trying to obtain org.freedesktop.packagekit.system-sources-refresh auth (only_trusted:0)
Aug  4 06:11:45 ubuntu20-1 PackageKit: uid 1000 obtained auth for org.freedesktop.packagekit.system-sources-refresh
Aug  4 06:12:15 ubuntu20-1 pkexec: pam_unix(polkit-1:session): session opened for user root by (uid=1000)
Aug  4 06:12:15 ubuntu20-1 pkexec[7354]: ubuntu: Executing command [USER=root] [TTY=unknown] [CWD=/home/ubuntu] [COMMAND=/usr/lib/update-notifier/package-system-locked]
Aug  4 06:17:01 ubuntu20-1 CRON[7368]: pam_unix(cron:session): session opened for user root by (uid=0)
Aug  4 06:17:01 ubuntu20-1 CRON[7368]: pam_unix(cron:session): session closed for user root
Aug  4 06:26:47 ubuntu20-1 CRON[7427]: pam_unix(cron:session): session opened for user root by (uid=0)
Aug  4 06:26:47 ubuntu20-1 CRON[7427]: pam_unix(cron:session): session closed for user root
Aug  4 06:31:16 ubuntu20-1 gdm-password]: gkr-pam: unlocked login keyring
Aug  4 06:35:57 ubuntu20-1 pkexec: pam_unix(polkit-1:session): session opened for user root by (uid=1000)
Aug  4 06:35:57 ubuntu20-1 pkexec[11741]: ubuntu: Executing command [USER=root] [TTY=unknown] [CWD=/home/ubuntu] [COMMAND=/usr/lib/update-notifier/package-system-locked]
Aug  4 06:39:01 ubuntu20-1 pkexec: pam_unix(polkit-1:session): session opened for user root by (uid=1000)
Aug  4 06:39:01 ubuntu20-1 pkexec[17400]: ubuntu: Executing command [USER=root] [TTY=unknown] [CWD=/home/ubuntu] [COMMAND=/usr/lib/update-notifier/package-system-locked]
Aug  4 06:42:00 ubuntu20-1 pkexec: pam_unix(polkit-1:session): session opened for user root by (uid=1000)
Aug  4 06:42:00 ubuntu20-1 pkexec[21960]: ubuntu: Executing command [USER=root] [TTY=unknown] [CWD=/home/ubuntu] [COMMAND=/usr/lib/update-notifier/package-system-locked]
Aug  4 06:44:58 ubuntu20-1 pkexec: pam_unix(polkit-1:session): session opened for user root by (uid=1000)
Aug  4 06:44:58 ubuntu20-1 pkexec[26653]: ubuntu: Executing command [USER=root] [TTY=unknown] [CWD=/home/ubuntu] [COMMAND=/usr/lib/update-notifier/package-system-locked]
Aug  4 06:48:01 ubuntu20-1 pkexec: pam_unix(polkit-1:session): session opened for user root by (uid=1000)
Aug  4 06:48:01 ubuntu20-1 pkexec[39717]: ubuntu: Executing command [USER=root] [TTY=unknown] [CWD=/home/ubuntu] [COMMAND=/usr/lib/update-notifier/package-system-locked]
Aug  4 06:52:17 ubuntu20-1 pkexec: pam_unix(polkit-1:session): session opened for user root by (uid=1000)
Aug  4 06:52:17 ubuntu20-1 pkexec[42251]: ubuntu: Executing command [USER=root] [TTY=unknown] [CWD=/home/ubuntu] [COMMAND=/usr/lib/update-notifier/package-system-locked]
Aug  4 06:55:17 ubuntu20-1 pkexec: pam_unix(polkit-1:session): session opened for user root by (uid=1000)
Aug  4 06:55:17 ubuntu20-1 pkexec[46469]: ubuntu: Executing command [USER=root] [TTY=unknown] [CWD=/home/ubuntu] [COMMAND=/usr/lib/update-notifier/package-system-locked]
Aug  4 06:56:14 ubuntu20-1 gdm-password]: gkr-pam: unlocked login keyring
Aug  4 06:58:01 ubuntu20-1 sshd[4936]: Received disconnect from 192.168.227.1 port 56349:11: disconnected by user
Aug  4 06:58:01 ubuntu20-1 sshd[4936]: Disconnected from user ubuntu 192.168.227.1 port 56349
Aug  4 06:58:01 ubuntu20-1 sshd[4855]: pam_unix(sshd:session): session closed for user ubuntu
Aug  4 06:58:02 ubuntu20-1 systemd-logind[843]: Session 8 logged out. Waiting for processes to exit.
Aug  4 06:58:02 ubuntu20-1 systemd-logind[843]: Removed session 8.
Aug  4 06:58:11 ubuntu20-1 pkexec: pam_unix(polkit-1:session): session opened for user root by (uid=1000)
Aug  4 06:58:11 ubuntu20-1 pkexec[51234]: ubuntu: Executing command [USER=root] [TTY=unknown] [CWD=/home/ubuntu] [COMMAND=/usr/lib/update-notifier/package-system-locked]
Aug  4 07:01:13 ubuntu20-1 pkexec: pam_unix(polkit-1:session): session opened for user root by (uid=1000)
Aug  4 07:01:13 ubuntu20-1 pkexec[54819]: ubuntu: Executing command [USER=root] [TTY=unknown] [CWD=/home/ubuntu] [COMMAND=/usr/lib/update-notifier/package-system-locked]
Aug  4 07:04:10 ubuntu20-1 pkexec: pam_unix(polkit-1:session): session opened for user root by (uid=1000)
Aug  4 07:04:10 ubuntu20-1 pkexec[55619]: ubuntu: Executing command [USER=root] [TTY=unknown] [CWD=/home/ubuntu] [COMMAND=/usr/lib/update-notifier/package-system-locked]
Aug  4 07:08:41 ubuntu20-1 gdm-password]: gkr-pam: unlocked login keyring
Aug  4 07:17:01 ubuntu20-1 CRON[55679]: pam_unix(cron:session): session opened for user root by (uid=0)
Aug  4 07:17:01 ubuntu20-1 CRON[55679]: pam_unix(cron:session): session closed for user root
Aug  4 07:17:14 ubuntu20-1 gdm-password]: pam_unix(gdm-password:auth): authentication failure; logname= uid=0 euid=0 tty=/dev/tty1 ruser= rhost=  user=ubuntu
Aug  4 07:17:20 ubuntu20-1 gdm-password]: pam_unix(gdm-password:auth): authentication failure; logname= uid=0 euid=0 tty=/dev/tty1 ruser= rhost=  user=ubuntu
Aug  4 07:17:24 ubuntu20-1 gdm-password]: pam_unix(gdm-password:auth): authentication failure; logname= uid=0 euid=0 tty=/dev/tty1 ruser= rhost=  user=ubuntu
Aug  4 07:17:29 ubuntu20-1 gdm-password]: gkr-pam: unlocked login keyring
Aug  4 07:21:04 ubuntu20-1 sshd[55825]: Accepted password for ubuntu from 192.168.227.1 port 65405 ssh2
Aug  4 07:21:04 ubuntu20-1 sshd[55825]: pam_unix(sshd:session): session opened for user ubuntu by (uid=0)
Aug  4 07:21:04 ubuntu20-1 systemd-logind[843]: New session 13 of user ubuntu.
Aug  4 07:30:01 ubuntu20-1 CRON[55968]: pam_unix(cron:session): session opened for user root by (uid=0)
Aug  4 07:30:01 ubuntu20-1 CRON[55968]: pam_unix(cron:session): session closed for user root
Aug  5 18:14:12 ubuntu20-1 systemd-logind[849]: New seat seat0.
Aug  5 18:14:12 ubuntu20-1 systemd-logind[849]: Watching system buttons on /dev/input/event0 (Power Button)
Aug  5 18:14:12 ubuntu20-1 systemd-logind[849]: Watching system buttons on /dev/input/event1 (AT Translated Set 2 keyboard)
Aug  5 18:14:12 ubuntu20-1 sshd[941]: Server listening on 0.0.0.0 port 22.
Aug  5 18:14:12 ubuntu20-1 sshd[941]: Server listening on :: port 22.
Aug  5 18:14:14 ubuntu20-1 gdm-launch-environment]: pam_unix(gdm-launch-environment:session): session opened for user gdm by (uid=0)
Aug  5 18:14:14 ubuntu20-1 systemd-logind[849]: New session c1 of user gdm.
Aug  5 18:14:14 ubuntu20-1 systemd: pam_unix(systemd-user:session): session opened for user gdm by (uid=0)
Aug  5 18:14:33 ubuntu20-1 polkitd(authority=local): Registered Authentication Agent for unix-session:c1 (system bus name :1.45 [/usr/bin/gnome-shell], object path /org/freedesktop/PolicyKit1/AuthenticationAgent, locale en_US.UTF-8)
Aug  5 18:15:16 ubuntu20-1 gdm-password]: gkr-pam: unable to locate daemon control file
Aug  5 18:15:16 ubuntu20-1 gdm-password]: gkr-pam: stashed password to try later in open session
Aug  5 18:15:16 ubuntu20-1 gdm-password]: pam_unix(gdm-password:session): session opened for user ubuntu by (uid=0)
Aug  5 18:15:16 ubuntu20-1 systemd-logind[849]: New session 2 of user ubuntu.
Aug  5 18:15:16 ubuntu20-1 systemd: pam_unix(systemd-user:session): session opened for user ubuntu by (uid=0)
Aug  5 18:15:16 ubuntu20-1 gdm-password]: gkr-pam: gnome-keyring-daemon started properly and unlocked keyring
Aug  5 18:15:25 ubuntu20-1 gnome-keyring-daemon[1573]: The Secret Service was already initialized
Aug  5 18:15:25 ubuntu20-1 gnome-keyring-daemon[1573]: The PKCS#11 component was already initialized
Aug  5 18:15:29 ubuntu20-1 polkitd(authority=local): Registered Authentication Agent for unix-session:2 (system bus name :1.85 [/usr/bin/gnome-shell], object path /org/freedesktop/PolicyKit1/AuthenticationAgent, locale en_US.UTF-8)
Aug  5 18:15:46 ubuntu20-1 gdm-launch-environment]: pam_unix(gdm-launch-environment:session): session closed for user gdm
Aug  5 18:15:46 ubuntu20-1 systemd-logind[849]: Session c1 logged out. Waiting for processes to exit.
Aug  5 18:15:46 ubuntu20-1 systemd-logind[849]: Removed session c1.
Aug  5 18:15:46 ubuntu20-1 polkitd(authority=local): Unregistered Authentication Agent for unix-session:c1 (system bus name :1.45, object path /org/freedesktop/PolicyKit1/AuthenticationAgent, locale en_US.UTF-8) (disconnected from bus)
Aug  5 18:16:00 ubuntu20-1 PackageKit: uid 1000 is trying to obtain org.freedesktop.packagekit.system-sources-refresh auth (only_trusted:0)
Aug  5 18:16:00 ubuntu20-1 PackageKit: uid 1000 obtained auth for org.freedesktop.packagekit.system-sources-refresh
Aug  5 18:16:35 ubuntu20-1 PackageKit: uid 1000 is trying to obtain org.freedesktop.packagekit.system-sources-refresh auth (only_trusted:0)
Aug  5 18:16:35 ubuntu20-1 PackageKit: uid 1000 obtained auth for org.freedesktop.packagekit.system-sources-refresh
Aug  5 18:16:39 ubuntu20-1 pkexec: pam_unix(polkit-1:session): session opened for user root by (uid=1000)
Aug  5 18:16:39 ubuntu20-1 pkexec[2984]: ubuntu: Executing command [USER=root] [TTY=unknown] [CWD=/home/ubuntu] [COMMAND=/usr/lib/update-notifier/package-system-locked]
Aug  5 18:16:42 ubuntu20-1 PackageKit: uid 1000 is trying to obtain org.freedesktop.packagekit.system-sources-refresh auth (only_trusted:0)
Aug  5 18:16:42 ubuntu20-1 PackageKit: uid 1000 obtained auth for org.freedesktop.packagekit.system-sources-refresh
Aug  5 18:16:48 ubuntu20-1 gdm-password]: gkr-pam: unlocked login keyring
Aug  5 18:17:01 ubuntu20-1 CRON[3560]: pam_unix(cron:session): session opened for user root by (uid=0)
Aug  5 18:17:01 ubuntu20-1 CRON[3560]: pam_unix(cron:session): session closed for user root
Aug  5 18:19:39 ubuntu20-1 pkexec: pam_unix(polkit-1:session): session opened for user root by (uid=1000)
Aug  5 18:19:39 ubuntu20-1 pkexec[3743]: ubuntu: Executing command [USER=root] [TTY=unknown] [CWD=/home/ubuntu] [COMMAND=/usr/lib/update-notifier/package-system-locked]
Aug  5 18:21:01 ubuntu20-1 sudo: pam_unix(sudo:auth): authentication failure; logname= uid=1000 euid=0 tty=/dev/pts/0 ruser=ubuntu rhost=  user=ubuntu
Aug  5 18:25:57 ubuntu20-1 sudo:   ubuntu : TTY=pts/2 ; PWD=/home/ubuntu ; USER=root ; COMMAND=/usr/bin/nano /etc/hostname
Aug  5 18:25:57 ubuntu20-1 sudo: pam_unix(sudo:session): session opened for user root by (uid=0)
Aug  5 18:30:01 ubuntu20-1 CRON[3911]: pam_unix(cron:session): session opened for user root by (uid=0)
Aug  5 18:30:01 ubuntu20-1 CRON[3911]: pam_unix(cron:session): session closed for user root
Aug  5 18:34:29 ubuntu20-1 gdm-password]: gkr-pam: unlocked login keyring
Aug  5 18:35:16 ubuntu20-1 sudo: pam_unix(sudo:session): session closed for user root
Aug  5 18:35:35 ubuntu20-1 sudo:   ubuntu : TTY=pts/2 ; PWD=/home/ubuntu ; USER=root ; COMMAND=/usr/bin/id
Aug  5 18:35:35 ubuntu20-1 sudo: pam_unix(sudo:session): session opened for user root by (uid=0)
Aug  5 18:35:35 ubuntu20-1 sudo: pam_unix(sudo:session): session closed for user root
Aug  5 18:35:54 ubuntu20-1 sudo:   ubuntu : TTY=pts/2 ; PWD=/home/ubuntu ; USER=root ; COMMAND=/usr/bin/id
Aug  5 18:35:54 ubuntu20-1 sudo: pam_unix(sudo:session): session opened for user root by (uid=0)
Aug  5 18:35:54 ubuntu20-1 sudo: pam_unix(sudo:session): session closed for user root
Aug  5 18:41:28 ubuntu20-1 gdm-password]: gkr-pam: unlocked login keyring
Aug  5 19:14:06 ubuntu20-1 gdm-password]: gkr-pam: unlocked login keyring
Aug  5 19:17:01 ubuntu20-1 CRON[4186]: pam_unix(cron:session): session opened for user root by (uid=0)
Aug  5 19:17:01 ubuntu20-1 CRON[4186]: pam_unix(cron:session): session closed for user root
Aug  5 19:19:20 ubuntu20-1 sudo:   ubuntu : TTY=pts/1 ; PWD=/home/ubuntu ; USER=root ; COMMAND=/usr/bin/id
Aug  5 19:19:20 ubuntu20-1 sudo: pam_unix(sudo:session): session opened for user root by (uid=0)
Aug  5 19:19:20 ubuntu20-1 sudo: pam_unix(sudo:session): session closed for user root
Aug  5 19:21:48 ubuntu20-1 sshd[4231]: Accepted publickey for ubuntu from 192.168.26.1 port 52196 ssh2: RSA SHA256:OTZvbTwdddIKSlln3bP2JGC9GhCGBopJeEjp0XdCKKI
Aug  5 19:21:48 ubuntu20-1 sshd[4231]: pam_unix(sshd:session): session opened for user ubuntu by (uid=0)
Aug  5 19:21:48 ubuntu20-1 systemd-logind[849]: New session 7 of user ubuntu.
Aug  5 19:24:00 ubuntu20-1 sudo:   ubuntu : TTY=pts/1 ; PWD=/home/ubuntu ; USER=root ; COMMAND=/usr/bin/id
Aug  5 19:24:00 ubuntu20-1 sudo: pam_unix(sudo:session): session opened for user root by ubuntu(uid=0)
Aug  5 19:24:00 ubuntu20-1 sudo: pam_unix(sudo:session): session closed for user root
Aug  5 19:24:19 ubuntu20-1 sudo:   ubuntu : TTY=pts/1 ; PWD=/home/ubuntu ; USER=root ; COMMAND=/usr/sbin/visudo
Aug  5 19:24:19 ubuntu20-1 sudo: pam_unix(sudo:session): session opened for user root by ubuntu(uid=0)
Aug  5 19:29:40 ubuntu20-1 sudo:   ubuntu : TTY=pts/1 ; PWD=/home/ubuntu ; USER=root ; COMMAND=/usr/sbin/visudo
Aug  5 19:29:40 ubuntu20-1 sudo: pam_unix(sudo:session): session opened for user root by ubuntu(uid=0)
Aug  5 19:29:40 ubuntu20-1 sudo: pam_unix(sudo:session): session closed for user root
Aug  5 19:30:01 ubuntu20-1 CRON[4405]: pam_unix(cron:session): session opened for user root by (uid=0)
Aug  5 19:30:01 ubuntu20-1 CRON[4405]: pam_unix(cron:session): session closed for user root
Aug  5 19:30:36 ubuntu20-1 sudo:   ubuntu : TTY=pts/1 ; PWD=/home/ubuntu ; USER=root ; COMMAND=/usr/sbin/visudo
Aug  5 19:30:36 ubuntu20-1 sudo: pam_unix(sudo:session): session opened for user root by ubuntu(uid=0)
Aug  5 19:30:36 ubuntu20-1 sudo: pam_unix(sudo:session): session closed for user root
Aug  5 19:37:54 ubuntu20-1 gdm-password]: pam_unix(gdm-password:auth): authentication failure; logname= uid=0 euid=0 tty=/dev/tty1 ruser= rhost=  user=ubuntu
Aug  5 19:38:20 ubuntu20-1 gdm-password]: pam_unix(gdm-password:auth): authentication failure; logname= uid=0 euid=0 tty=/dev/tty1 ruser= rhost=  user=ubuntu
Aug  5 19:39:40 ubuntu20-1 gdm-password]: pam_unix(gdm-password:auth): authentication failure; logname= uid=0 euid=0 tty=/dev/tty1 ruser= rhost=  user=ubuntu
Aug  5 19:40:20 ubuntu20-1 gdm-password]: gkr-pam: unlocked login keyring
Aug  5 20:17:01 ubuntu20-1 CRON[4764]: pam_unix(cron:session): session opened for user root by (uid=0)
Aug  5 20:17:01 ubuntu20-1 CRON[4764]: pam_unix(cron:session): session closed for user root
Aug  5 20:30:01 ubuntu20-1 CRON[4783]: pam_unix(cron:session): session opened for user root by (uid=0)
Aug  5 20:30:01 ubuntu20-1 CRON[4783]: pam_unix(cron:session): session closed for user root
Aug  5 21:17:01 ubuntu20-1 CRON[4838]: pam_unix(cron:session): session opened for user root by (uid=0)
Aug  5 21:17:01 ubuntu20-1 CRON[4838]: pam_unix(cron:session): session closed for user root
Aug  5 21:30:01 ubuntu20-1 CRON[4857]: pam_unix(cron:session): session opened for user root by (uid=0)
Aug  5 21:30:01 ubuntu20-1 CRON[4857]: pam_unix(cron:session): session closed for user root
                                                                                                                                                                                                                                                                                                                                                                                                                                                                                                                                                                          Aug  7 04:32:34 ubuntu20-1 systemd-logind[852]: New seat seat0.
Aug  7 04:32:34 ubuntu20-1 systemd-logind[852]: Watching system buttons on /dev/input/event0 (Power Button)
Aug  7 04:32:34 ubuntu20-1 systemd-logind[852]: Watching system buttons on /dev/input/event1 (AT Translated Set 2 keyboard)
Aug  7 04:32:35 ubuntu20-1 sshd[941]: Server listening on 0.0.0.0 port 22.
Aug  7 04:32:35 ubuntu20-1 sshd[941]: Server listening on :: port 22.
Aug  7 04:32:36 ubuntu20-1 gdm-launch-environment]: pam_unix(gdm-launch-environment:session): session opened for user gdm by (uid=0)
Aug  7 04:32:36 ubuntu20-1 systemd-logind[852]: New session c1 of user gdm.
Aug  7 04:32:36 ubuntu20-1 systemd: pam_unix(systemd-user:session): session opened for user gdm by (uid=0)
Aug  7 04:32:49 ubuntu20-1 polkitd(authority=local): Registered Authentication Agent for unix-session:c1 (system bus name :1.43 [/usr/bin/gnome-shell], object path /org/freedesktop/PolicyKit1/AuthenticationAgent, locale en_US.UTF-8)
Aug  7 04:35:40 ubuntu20-1 gdm-password]: pam_unix(gdm-password:auth): authentication failure; logname= uid=0 euid=0 tty=/dev/tty1 ruser= rhost=  user=ubuntu
Aug  7 04:35:44 ubuntu20-1 gdm-password]: pam_unix(gdm-password:auth): authentication failure; logname= uid=0 euid=0 tty=/dev/tty1 ruser= rhost=  user=ubuntu
Aug  7 04:35:52 ubuntu20-1 gdm-password]: gkr-pam: unable to locate daemon control file
Aug  7 04:35:52 ubuntu20-1 gdm-password]: gkr-pam: stashed password to try later in open session
Aug  7 04:35:52 ubuntu20-1 gdm-password]: pam_unix(gdm-password:session): session opened for user ubuntu by (uid=0)
Aug  7 04:35:52 ubuntu20-1 systemd-logind[852]: New session 2 of user ubuntu.
Aug  7 04:35:52 ubuntu20-1 systemd: pam_unix(systemd-user:session): session opened for user ubuntu by (uid=0)
Aug  7 04:35:52 ubuntu20-1 gdm-password]: gkr-pam: gnome-keyring-daemon started properly and unlocked keyring
Aug  7 04:35:57 ubuntu20-1 gnome-keyring-daemon[1569]: The Secret Service was already initialized
Aug  7 04:35:57 ubuntu20-1 gnome-keyring-daemon[1569]: The PKCS#11 component was already initialized
Aug  7 04:36:01 ubuntu20-1 polkitd(authority=local): Registered Authentication Agent for unix-session:2 (system bus name :1.86 [/usr/bin/gnome-shell], object path /org/freedesktop/PolicyKit1/AuthenticationAgent, locale en_US.UTF-8)
Aug  7 04:36:10 ubuntu20-1 gdm-launch-environment]: pam_unix(gdm-launch-environment:session): session closed for user gdm
Aug  7 04:36:10 ubuntu20-1 systemd-logind[852]: Session c1 logged out. Waiting for processes to exit.
Aug  7 04:36:11 ubuntu20-1 polkitd(authority=local): Unregistered Authentication Agent for unix-session:c1 (system bus name :1.43, object path /org/freedesktop/PolicyKit1/AuthenticationAgent, locale en_US.UTF-8) (disconnected from bus)
Aug  7 04:36:11 ubuntu20-1 systemd-logind[852]: Removed session c1.
Aug  7 04:36:22 ubuntu20-1 PackageKit: uid 1000 is trying to obtain org.freedesktop.packagekit.system-sources-refresh auth (only_trusted:0)
Aug  7 04:36:22 ubuntu20-1 PackageKit: uid 1000 obtained auth for org.freedesktop.packagekit.system-sources-refresh
Aug  7 04:37:16 ubuntu20-1 pkexec: pam_unix(polkit-1:session): session opened for user root by (uid=1000)
Aug  7 04:37:16 ubuntu20-1 pkexec[2926]: ubuntu: Executing command [USER=root] [TTY=unknown] [CWD=/home/ubuntu] [COMMAND=/usr/lib/update-notifier/package-system-locked]
Aug  7 18:50:24 ubuntu20-1 pkexec: pam_unix(polkit-1:session): session opened for user root by (uid=1000)
Aug  7 18:50:24 ubuntu20-1 pkexec[3829]: ubuntu: Executing command [USER=root] [TTY=unknown] [CWD=/home/ubuntu] [COMMAND=/usr/lib/update-notifier/package-system-locked]
Aug 10 05:24:10 ubuntu20-1 systemd-logind[802]: New seat seat0.
Aug 10 05:24:10 ubuntu20-1 systemd-logind[802]: Watching system buttons on /dev/input/event0 (Power Button)
Aug 10 05:24:10 ubuntu20-1 systemd-logind[802]: Watching system buttons on /dev/input/event1 (AT Translated Set 2 keyboard)
Aug 10 05:24:10 ubuntu20-1 sshd[904]: Server listening on 0.0.0.0 port 22.
Aug 10 05:24:10 ubuntu20-1 sshd[904]: Server listening on :: port 22.
Aug 10 05:24:13 ubuntu20-1 gdm-launch-environment]: pam_unix(gdm-launch-environment:session): session opened for user gdm by (uid=0)
Aug 10 05:24:15 ubuntu20-1 systemd-logind[802]: New session c1 of user gdm.
Aug 10 05:24:15 ubuntu20-1 systemd: pam_unix(systemd-user:session): session opened for user gdm by (uid=0)
Aug 10 05:24:50 ubuntu20-1 polkitd(authority=local): Registered Authentication Agent for unix-session:c1 (system bus name :1.45 [/usr/bin/gnome-shell], object path /org/freedesktop/PolicyKit1/AuthenticationAgent, locale en_US.UTF-8)
Aug 10 05:25:09 ubuntu20-1 gdm-password]: pam_unix(gdm-password:auth): authentication failure; logname= uid=0 euid=0 tty=/dev/tty1 ruser= rhost=  user=ubuntu
Aug 10 05:25:50 ubuntu20-1 gdm-password]: pam_unix(gdm-password:auth): conversation failed
Aug 10 05:25:50 ubuntu20-1 gdm-password]: pam_unix(gdm-password:auth): auth could not identify password for [ubuntu]
Aug 10 05:26:42 ubuntu20-1 gdm-password]: pam_unix(gdm-password:auth): conversation failed
Aug 10 05:26:42 ubuntu20-1 gdm-password]: pam_unix(gdm-password:auth): auth could not identify password for [ubuntu]
Aug 10 05:26:52 ubuntu20-1 gdm-password]: pam_unix(gdm-password:auth): conversation failed
Aug 10 05:26:52 ubuntu20-1 gdm-password]: pam_unix(gdm-password:auth): auth could not identify password for [ubuntu]
Aug 10 05:27:00 ubuntu20-1 gdm-password]: pam_unix(gdm-password:auth): conversation failed
Aug 10 05:27:00 ubuntu20-1 gdm-password]: pam_unix(gdm-password:auth): auth could not identify password for [ubuntu]
Aug 10 05:31:42 ubuntu20-1 sshd[924]: Server listening on 0.0.0.0 port 22.
Aug 10 05:31:42 ubuntu20-1 sshd[924]: Server listening on :: port 22.
Aug 10 05:31:42 ubuntu20-1 systemd-logind[847]: New seat seat0.
Aug 10 05:31:42 ubuntu20-1 systemd-logind[847]: Watching system buttons on /dev/input/event0 (Power Button)
Aug 10 05:31:42 ubuntu20-1 systemd-logind[847]: Watching system buttons on /dev/input/event1 (AT Translated Set 2 keyboard)
Aug 10 05:31:45 ubuntu20-1 gdm-launch-environment]: pam_unix(gdm-launch-environment:session): session opened for user gdm by (uid=0)
Aug 10 05:31:46 ubuntu20-1 systemd-logind[847]: New session c1 of user gdm.
Aug 10 05:31:46 ubuntu20-1 systemd: pam_unix(systemd-user:session): session opened for user gdm by (uid=0)
Aug 10 05:32:07 ubuntu20-1 polkitd(authority=local): Registered Authentication Agent for unix-session:c1 (system bus name :1.40 [/usr/bin/gnome-shell], object path /org/freedesktop/PolicyKit1/AuthenticationAgent, locale en_US.UTF-8)
Aug 10 05:32:31 ubuntu20-1 gdm-password]: gkr-pam: unable to locate daemon control file
Aug 10 05:32:31 ubuntu20-1 gdm-password]: gkr-pam: stashed password to try later in open session
Aug 10 05:32:31 ubuntu20-1 gdm-password]: pam_unix(gdm-password:session): session opened for user ubuntu by (uid=0)
Aug 10 05:32:31 ubuntu20-1 systemd-logind[847]: New session 2 of user ubuntu.
Aug 10 05:32:31 ubuntu20-1 systemd: pam_unix(systemd-user:session): session opened for user ubuntu by (uid=0)
Aug 10 05:32:33 ubuntu20-1 gdm-password]: gkr-pam: gnome-keyring-daemon started properly and unlocked keyring
Aug 10 05:32:46 ubuntu20-1 gnome-keyring-daemon[1548]: The Secret Service was already initialized
Aug 10 05:32:46 ubuntu20-1 gnome-keyring-daemon[1548]: The PKCS#11 component was already initialized
Aug 10 05:32:53 ubuntu20-1 polkitd(authority=local): Registered Authentication Agent for unix-session:2 (system bus name :1.80 [/usr/bin/gnome-shell], object path /org/freedesktop/PolicyKit1/AuthenticationAgent, locale en_US.UTF-8)
Aug 10 05:33:09 ubuntu20-1 gdm-launch-environment]: pam_unix(gdm-launch-environment:session): session closed for user gdm
Aug 10 05:33:09 ubuntu20-1 systemd-logind[847]: Session c1 logged out. Waiting for processes to exit.
Aug 10 05:33:10 ubuntu20-1 systemd-logind[847]: Removed session c1.
Aug 10 05:33:11 ubuntu20-1 polkitd(authority=local): Unregistered Authentication Agent for unix-session:c1 (system bus name :1.40, object path /org/freedesktop/PolicyKit1/AuthenticationAgent, locale en_US.UTF-8) (disconnected from bus)
Aug 10 05:33:20 ubuntu20-1 systemd: pam_unix(systemd-user:session): session closed for user gdm
Aug 10 05:33:31 ubuntu20-1 PackageKit: uid 1000 is trying to obtain org.freedesktop.packagekit.system-sources-refresh auth (only_trusted:0)
Aug 10 05:33:31 ubuntu20-1 PackageKit: uid 1000 obtained auth for org.freedesktop.packagekit.system-sources-refresh
Aug 10 05:34:27 ubuntu20-1 pkexec: pam_unix(polkit-1:session): session opened for user root by (uid=1000)
Aug 10 05:34:27 ubuntu20-1 pkexec[2877]: ubuntu: Executing command [USER=root] [TTY=unknown] [CWD=/home/ubuntu] [COMMAND=/usr/lib/update-notifier/package-system-locked]
Aug 10 05:35:59 ubuntu20-1 sshd[2944]: Accepted publickey for ubuntu from 192.168.164.1 port 59475 ssh2: RSA SHA256:OTZvbTwdddIKSlln3bP2JGC9GhCGBopJeEjp0XdCKKI
Aug 10 05:35:59 ubuntu20-1 sshd[2944]: pam_unix(sshd:session): session opened for user ubuntu by (uid=0)
Aug 10 05:35:59 ubuntu20-1 systemd-logind[847]: New session 4 of user ubuntu.
Aug 10 05:43:33 ubuntu20-1 sudo: pam_unix(sudo:auth): conversation failed
Aug 10 05:43:33 ubuntu20-1 sudo: pam_unix(sudo:auth): auth could not identify password for [ubuntu]
Aug 10 05:48:31 ubuntu20-1 sshd[3028]: Received disconnect from 192.168.164.1 port 59475:11: disconnected by user
Aug 10 05:48:31 ubuntu20-1 sshd[3028]: Disconnected from user ubuntu 192.168.164.1 port 59475
Aug 10 05:48:31 ubuntu20-1 sshd[2944]: pam_unix(sshd:session): session closed for user ubuntu
Aug 10 05:48:31 ubuntu20-1 systemd-logind[847]: Session 4 logged out. Waiting for processes to exit.
Aug 10 05:48:31 ubuntu20-1 systemd-logind[847]: Removed session 4.
Aug 10 05:48:47 ubuntu20-1 gdm-password]: gkr-pam: unlocked login keyring
Aug 10 05:49:13 ubuntu20-1 sshd[3194]: Accepted publickey for ubuntu from 192.168.164.1 port 61430 ssh2: RSA SHA256:OTZvbTwdddIKSlln3bP2JGC9GhCGBopJeEjp0XdCKKI
Aug 10 05:49:13 ubuntu20-1 sshd[3194]: pam_unix(sshd:session): session opened for user ubuntu by (uid=0)
Aug 10 05:49:13 ubuntu20-1 systemd-logind[847]: New session 5 of user ubuntu.
Aug 10 05:57:26 ubuntu20-1 sshd[924]: Received signal 15; terminating.
Aug 10 05:57:26 ubuntu20-1 sshd[3691]: Server listening on 0.0.0.0 port 22.
Aug 10 05:57:26 ubuntu20-1 sshd[3691]: Server listening on :: port 22.
Aug 10 05:58:14 ubuntu20-1 pkexec: pam_unix(polkit-1:session): session opened for user root by (uid=1000)
Aug 10 05:58:14 ubuntu20-1 pkexec[4840]: ubuntu: Executing command [USER=root] [TTY=unknown] [CWD=/home/ubuntu] [COMMAND=/usr/lib/update-notifier/package-system-locked]
Aug 10 05:59:21 ubuntu20-1 sshd[3249]: Received disconnect from 192.168.164.1 port 61430:11: disconnected by user
Aug 10 05:59:21 ubuntu20-1 sshd[3249]: Disconnected from user ubuntu 192.168.164.1 port 61430
Aug 10 05:59:21 ubuntu20-1 sshd[3194]: pam_unix(sshd:session): session closed for user ubuntu
Aug 10 05:59:21 ubuntu20-1 systemd-logind[847]: Session 5 logged out. Waiting for processes to exit.
Aug 10 05:59:21 ubuntu20-1 systemd-logind[847]: Removed session 5.
Aug 10 06:00:56 ubuntu20-1 sshd[5700]: Accepted publickey for ubuntu from 192.168.164.1 port 62245 ssh2: RSA SHA256:OTZvbTwdddIKSlln3bP2JGC9GhCGBopJeEjp0XdCKKI
Aug 10 06:00:56 ubuntu20-1 sshd[5700]: pam_unix(sshd:session): session opened for user ubuntu by (uid=0)
Aug 10 06:00:56 ubuntu20-1 systemd-logind[847]: New session 6 of user ubuntu.
Aug 10 06:01:08 ubuntu20-1 pkexec: pam_unix(polkit-1:session): session opened for user root by (uid=1000)
Aug 10 06:01:08 ubuntu20-1 pkexec[5820]: ubuntu: Executing command [USER=root] [TTY=unknown] [CWD=/home/ubuntu] [COMMAND=/usr/lib/update-notifier/package-system-locked]
Aug 10 06:15:22 ubuntu20-1 gdm-password]: gkr-pam: unlocked login keyring
Aug 10 06:21:35 ubuntu20-1 sshd[877]: Server listening on 0.0.0.0 port 22.
Aug 10 06:21:35 ubuntu20-1 sshd[877]: Server listening on :: port 22.
Aug 10 06:21:37 ubuntu20-1 systemd-logind[800]: New seat seat0.
Aug 10 06:21:37 ubuntu20-1 systemd-logind[800]: Watching system buttons on /dev/input/event0 (Power Button)
Aug 10 06:21:37 ubuntu20-1 systemd-logind[800]: Watching system buttons on /dev/input/event1 (AT Translated Set 2 keyboard)
Aug 10 06:21:40 ubuntu20-1 gdm-launch-environment]: pam_unix(gdm-launch-environment:session): session opened for user gdm by (uid=0)
Aug 10 06:21:40 ubuntu20-1 systemd-logind[800]: New session c1 of user gdm.
Aug 10 06:21:40 ubuntu20-1 systemd: pam_unix(systemd-user:session): session opened for user gdm by (uid=0)
Aug 10 06:21:58 ubuntu20-1 polkitd(authority=local): Registered Authentication Agent for unix-session:c1 (system bus name :1.42 [/usr/bin/gnome-shell], object path /org/freedesktop/PolicyKit1/AuthenticationAgent, locale en_US.UTF-8)
Aug 10 06:22:08 ubuntu20-1 sshd[1471]: Accepted publickey for ubuntu from 192.168.164.1 port 64049 ssh2: RSA SHA256:OTZvbTwdddIKSlln3bP2JGC9GhCGBopJeEjp0XdCKKI
Aug 10 06:22:08 ubuntu20-1 sshd[1471]: pam_unix(sshd:session): session opened for user ubuntu by (uid=0)
Aug 10 06:22:08 ubuntu20-1 systemd-logind[800]: New session 2 of user ubuntu.
Aug 10 06:22:08 ubuntu20-1 systemd: pam_unix(systemd-user:session): session opened for user ubuntu by (uid=0)
Aug 10 06:22:27 ubuntu20-1 gdm-password]: gkr-pam: unable to locate daemon control file
Aug 10 06:22:27 ubuntu20-1 gdm-password]: gkr-pam: stashed password to try later in open session
Aug 10 06:22:27 ubuntu20-1 gdm-password]: pam_unix(gdm-password:session): session opened for user ubuntu by (uid=0)
Aug 10 06:22:28 ubuntu20-1 systemd-logind[800]: New session 4 of user ubuntu.
Aug 10 06:22:28 ubuntu20-1 gdm-password]: gkr-pam: gnome-keyring-daemon started properly and unlocked keyring
Aug 10 06:22:36 ubuntu20-1 gnome-keyring-daemon[1671]: The Secret Service was already initialized
Aug 10 06:22:36 ubuntu20-1 gnome-keyring-daemon[1671]: The PKCS#11 component was already initialized
Aug 10 06:22:43 ubuntu20-1 polkitd(authority=local): Registered Authentication Agent for unix-session:4 (system bus name :1.97 [/usr/bin/gnome-shell], object path /org/freedesktop/PolicyKit1/AuthenticationAgent, locale en_US.UTF-8)
Aug 10 06:23:07 ubuntu20-1 gdm-launch-environment]: pam_unix(gdm-launch-environment:session): session closed for user gdm
Aug 10 06:23:07 ubuntu20-1 polkitd(authority=local): Unregistered Authentication Agent for unix-session:c1 (system bus name :1.42, object path /org/freedesktop/PolicyKit1/AuthenticationAgent, locale en_US.UTF-8) (disconnected from bus)
Aug 10 06:23:07 ubuntu20-1 systemd-logind[800]: Session c1 logged out. Waiting for processes to exit.
Aug 10 06:23:07 ubuntu20-1 systemd-logind[800]: Removed session c1.
Aug 10 06:23:27 ubuntu20-1 PackageKit: uid 1000 is trying to obtain org.freedesktop.packagekit.system-sources-refresh auth (only_trusted:0)
Aug 10 06:23:27 ubuntu20-1 PackageKit: uid 1000 obtained auth for org.freedesktop.packagekit.system-sources-refresh
Aug 10 06:24:07 ubuntu20-1 PackageKit: uid 1000 is trying to obtain org.freedesktop.packagekit.system-sources-refresh auth (only_trusted:0)
Aug 10 06:24:08 ubuntu20-1 PackageKit: uid 1000 obtained auth for org.freedesktop.packagekit.system-sources-refresh
Aug 10 06:24:11 ubuntu20-1 pkexec: pam_unix(polkit-1:session): session opened for user root by (uid=1000)
Aug 10 06:24:11 ubuntu20-1 pkexec[2884]: ubuntu: Executing command [USER=root] [TTY=unknown] [CWD=/home/ubuntu] [COMMAND=/usr/lib/update-notifier/package-system-locked]
Aug 10 06:24:16 ubuntu20-1 PackageKit: uid 1000 is trying to obtain org.freedesktop.packagekit.system-sources-refresh auth (only_trusted:0)
Aug 10 06:24:16 ubuntu20-1 PackageKit: uid 1000 obtained auth for org.freedesktop.packagekit.system-sources-refresh
Aug 10 06:25:01 ubuntu20-1 CRON[3150]: pam_unix(cron:session): session opened for user root by (uid=0)
Aug 10 06:25:01 ubuntu20-1 CRON[3150]: pam_unix(cron:session): session closed for user root
Aug 10 06:34:21 ubuntu20-1 gdm-password]: gkr-pam: unlocked login keyring
Aug 10 06:38:56 ubuntu20-1 pkexec: pam_unix(polkit-1:session): session opened for user root by (uid=1000)
Aug 10 06:38:56 ubuntu20-1 pkexec[3387]: ubuntu: Executing command [USER=root] [TTY=unknown] [CWD=/home/ubuntu] [COMMAND=/usr/lib/update-notifier/package-system-locked]
Aug 10 06:41:14 ubuntu20-1 gdm-password]: gkr-pam: unlocked login keyring
Aug 10 06:46:57 ubuntu20-1 systemd-logind[841]: New seat seat0.
Aug 10 06:46:57 ubuntu20-1 systemd-logind[841]: Watching system buttons on /dev/input/event0 (Power Button)
Aug 10 06:46:57 ubuntu20-1 systemd-logind[841]: Watching system buttons on /dev/input/event1 (AT Translated Set 2 keyboard)
Aug 10 06:46:58 ubuntu20-1 sshd[925]: Server listening on 0.0.0.0 port 22.
Aug 10 06:46:58 ubuntu20-1 sshd[925]: Server listening on :: port 22.
Aug 10 06:47:03 ubuntu20-1 gdm-launch-environment]: pam_unix(gdm-launch-environment:session): session opened for user gdm by (uid=0)
Aug 10 06:47:03 ubuntu20-1 systemd-logind[841]: New session c1 of user gdm.
Aug 10 06:47:03 ubuntu20-1 systemd: pam_unix(systemd-user:session): session opened for user gdm by (uid=0)
Aug 10 06:47:22 ubuntu20-1 polkitd(authority=local): Registered Authentication Agent for unix-session:c1 (system bus name :1.40 [/usr/bin/gnome-shell], object path /org/freedesktop/PolicyKit1/AuthenticationAgent, locale en_US.UTF-8)
Aug 10 06:47:53 ubuntu20-1 gdm-password]: gkr-pam: unable to locate daemon control file
Aug 10 06:47:53 ubuntu20-1 gdm-password]: gkr-pam: stashed password to try later in open session
Aug 10 06:47:53 ubuntu20-1 gdm-password]: pam_unix(gdm-password:session): session opened for user ubuntu by (uid=0)
Aug 10 06:47:53 ubuntu20-1 systemd-logind[841]: New session 2 of user ubuntu.
Aug 10 06:47:53 ubuntu20-1 systemd: pam_unix(systemd-user:session): session opened for user ubuntu by (uid=0)
Aug 10 06:47:54 ubuntu20-1 gdm-password]: gkr-pam: gnome-keyring-daemon started properly and unlocked keyring
Aug 10 06:48:10 ubuntu20-1 gnome-keyring-daemon[1512]: The Secret Service was already initialized
Aug 10 06:48:10 ubuntu20-1 gnome-keyring-daemon[1512]: The PKCS#11 component was already initialized
Aug 10 06:48:20 ubuntu20-1 polkitd(authority=local): Registered Authentication Agent for unix-session:2 (system bus name :1.82 [/usr/bin/gnome-shell], object path /org/freedesktop/PolicyKit1/AuthenticationAgent, locale en_US.UTF-8)
Aug 10 06:48:43 ubuntu20-1 polkitd(authority=local): Unregistered Authentication Agent for unix-session:c1 (system bus name :1.40, object path /org/freedesktop/PolicyKit1/AuthenticationAgent, locale en_US.UTF-8) (disconnected from bus)
Aug 10 06:48:43 ubuntu20-1 gdm-launch-environment]: pam_unix(gdm-launch-environment:session): session closed for user gdm
Aug 10 06:48:44 ubuntu20-1 systemd-logind[841]: Session c1 logged out. Waiting for processes to exit.
Aug 10 06:48:44 ubuntu20-1 systemd-logind[841]: Removed session c1.
Aug 10 06:49:30 ubuntu20-1 PackageKit: uid 1000 is trying to obtain org.freedesktop.packagekit.system-sources-refresh auth (only_trusted:0)
Aug 10 06:49:31 ubuntu20-1 PackageKit: uid 1000 obtained auth for org.freedesktop.packagekit.system-sources-refresh
Aug 10 06:49:44 ubuntu20-1 pkexec: pam_unix(polkit-1:session): session opened for user root by (uid=1000)
Aug 10 06:49:44 ubuntu20-1 pkexec[2383]: ubuntu: Executing command [USER=root] [TTY=unknown] [CWD=/home/ubuntu] [COMMAND=/usr/lib/update-notifier/package-system-locked]
Aug 10 06:50:37 ubuntu20-1 PackageKit: uid 1000 is trying to obtain org.freedesktop.packagekit.system-sources-refresh auth (only_trusted:0)
Aug 10 06:50:37 ubuntu20-1 PackageKit: uid 1000 obtained auth for org.freedesktop.packagekit.system-sources-refresh
Aug 10 06:50:39 ubuntu20-1 PackageKit: uid 1000 is trying to obtain org.freedesktop.packagekit.system-sources-refresh auth (only_trusted:0)
Aug 10 06:50:39 ubuntu20-1 PackageKit: uid 1000 obtained auth for org.freedesktop.packagekit.system-sources-refresh
Aug 10 06:50:49 ubuntu20-1 PackageKit: uid 1000 is trying to obtain org.freedesktop.packagekit.system-sources-refresh auth (only_trusted:0)
Aug 10 06:50:50 ubuntu20-1 PackageKit: uid 1000 obtained auth for org.freedesktop.packagekit.system-sources-refresh
Aug 10 06:50:59 ubuntu20-1 PackageKit: uid 1000 is trying to obtain org.freedesktop.packagekit.system-sources-refresh auth (only_trusted:0)
Aug 10 06:50:59 ubuntu20-1 PackageKit: uid 1000 obtained auth for org.freedesktop.packagekit.system-sources-refresh
Aug 10 06:51:14 ubuntu20-1 sshd[2942]: Accepted publickey for ubuntu from 192.168.164.1 port 62242 ssh2: RSA SHA256:OTZvbTwdddIKSlln3bP2JGC9GhCGBopJeEjp0XdCKKI
Aug 10 06:51:14 ubuntu20-1 sshd[2942]: pam_unix(sshd:session): session opened for user ubuntu by (uid=0)
Aug 10 06:51:14 ubuntu20-1 systemd-logind[841]: New session 4 of user ubuntu.
Aug 10 06:52:45 ubuntu20-1 pkexec: pam_unix(polkit-1:session): session opened for user root by (uid=1000)
Aug 10 06:52:45 ubuntu20-1 pkexec[3445]: ubuntu: Executing command [USER=root] [TTY=unknown] [CWD=/home/ubuntu] [COMMAND=/usr/lib/update-notifier/package-system-locked]
Aug 10 07:13:28 ubuntu20-1 sudo:   ubuntu : TTY=pts/1 ; PWD=/var/log ; USER=root ; COMMAND=/usr/bin/scp root@192.168.219.162:/auth.log /tmp/
Aug 10 07:13:28 ubuntu20-1 sudo: pam_unix(sudo:session): session opened for user root by ubuntu(uid=0)
Aug 10 07:13:29 ubuntu20-1 sudo: pam_unix(sudo:session): session closed for user root
Aug 10 07:17:01 ubuntu20-1 CRON[3592]: pam_unix(cron:session): session opened for user root by (uid=0)
Aug 10 07:17:01 ubuntu20-1 CRON[3592]: pam_unix(cron:session): session closed for user root
Aug 10 07:22:16 ubuntu20-1 gdm-password]: gkr-pam: unlocked login keyring
Aug 10 07:24:05 ubuntu20-1 sshd[3690]: Accepted publickey for ubuntu from 192.168.164.1 port 50283 ssh2: RSA SHA256:OTZvbTwdddIKSlln3bP2JGC9GhCGBopJeEjp0XdCKKI
Aug 10 07:24:05 ubuntu20-1 sshd[3690]: pam_unix(sshd:session): session opened for user ubuntu by (uid=0)
Aug 10 07:24:05 ubuntu20-1 systemd-logind[841]: New session 6 of user ubuntu.
Aug 10 07:27:53 ubuntu20-1 sudo:   ubuntu : TTY=pts/1 ; PWD=/var/log ; USER=root ; COMMAND=/usr/bin/cp ./auth.log ../../home
Aug 10 07:27:53 ubuntu20-1 sudo: pam_unix(sudo:session): session opened for user root by ubuntu(uid=0)
Aug 10 07:27:53 ubuntu20-1 sudo: pam_unix(sudo:session): session closed for user root
Aug 10 07:30:01 ubuntu20-1 CRON[4213]: pam_unix(cron:session): session opened for user root by (uid=0)
Aug 10 07:30:01 ubuntu20-1 CRON[4213]: pam_unix(cron:session): session closed for user root
Aug 10 07:30:24 ubuntu20-1 sudo:   ubuntu : TTY=pts/1 ; PWD=/home ; USER=root ; COMMAND=/usr/bin/cp ./auth.log ../
Aug 10 07:30:24 ubuntu20-1 sudo: pam_unix(sudo:session): session opened for user root by ubuntu(uid=0)
Aug 10 07:30:24 ubuntu20-1 sudo: pam_unix(sudo:session): session closed for user root
Aug 10 07:32:35 ubuntu20-1 sudo:   ubuntu : TTY=pts/1 ; PWD=/home ; USER=root ; COMMAND=/usr/bin/cp ./auth.log /ubuntu/
Aug 10 07:32:35 ubuntu20-1 sudo: pam_unix(sudo:session): session opened for user root by ubuntu(uid=0)
Aug 10 07:32:35 ubuntu20-1 sudo: pam_unix(sudo:session): session closed for user root
Aug 10 07:32:57 ubuntu20-1 sudo:   ubuntu : TTY=pts/1 ; PWD=/home ; USER=root ; COMMAND=/usr/bin/cp ./auth.log ./ubuntu/
Aug 10 07:32:57 ubuntu20-1 sudo: pam_unix(sudo:session): session opened for user root by ubuntu(uid=0)
Aug 10 07:32:57 ubuntu20-1 sudo: pam_unix(sudo:session): session closed for user root
Aug 10 07:35:48 ubuntu20-1 sudo:   ubuntu : TTY=pts/1 ; PWD=/home/ubuntu ; USER=root ; COMMAND=/usr/bin/chmod 755 auth.log
Aug 10 07:35:48 ubuntu20-1 sudo: pam_unix(sudo:session): session opened for user root by ubuntu(uid=0)
Aug 10 07:35:48 ubuntu20-1 sudo: pam_unix(sudo:session): session closed for user root
Aug 10 07:49:31 ubuntu20-1 pkexec: pam_unix(polkit-1:session): session opened for user root by (uid=1000)
Aug 10 07:49:31 ubuntu20-1 pkexec[5510]: ubuntu: Executing command [USER=root] [TTY=unknown] [CWD=/home/ubuntu] [COMMAND=/usr/lib/update-notifier/package-system-locked]
Aug 10 07:51:20 ubuntu20-1 sshd[5522]: pam_unix(sshd:auth): authentication failure; logname= uid=0 euid=0 tty=ssh ruser= rhost=192.168.164.131  user=ubuntu
Aug 10 07:51:21 ubuntu20-1 sshd[5522]: Failed password for ubuntu from 192.168.164.131 port 32956 ssh2
Aug 10 07:51:28 ubuntu20-1 sshd[5522]: message repeated 2 times: [ Failed password for ubuntu from 192.168.164.131 port 32956 ssh2]
Aug 10 07:51:28 ubuntu20-1 sshd[5522]: Connection closed by authenticating user ubuntu 192.168.164.131 port 32956 [preauth]
Aug 10 07:51:28 ubuntu20-1 sshd[5522]: PAM 2 more authentication failures; logname= uid=0 euid=0 tty=ssh ruser= rhost=192.168.164.131  user=ubuntu
Aug 10 07:52:10 ubuntu20-1 sudo: pam_unix(sudo:auth): conversation failed
Aug 10 07:52:10 ubuntu20-1 sudo: pam_unix(sudo:auth): auth could not identify password for [ubuntu]
Aug 10 07:52:33 ubuntu20-1 sudo:   ubuntu : TTY=pts/1 ; PWD=/home/ubuntu ; USER=root ; COMMAND=/usr/bin/cat /var/log/auth.og
Aug 10 07:52:33 ubuntu20-1 sudo: pam_unix(sudo:session): session opened for user root by ubuntu(uid=0)
Aug 10 07:52:33 ubuntu20-1 sudo: pam_unix(sudo:session): session closed for user root
Aug 10 07:52:51 ubuntu20-1 sudo:   ubuntu : TTY=pts/1 ; PWD=/home/ubuntu ; USER=root ; COMMAND=/usr/bin/cat /var/log/auth.log
Aug 10 07:52:51 ubuntu20-1 sudo: pam_unix(sudo:session): session opened for user root by ubuntu(uid=0)
Aug 10 07:52:51 ubuntu20-1 sudo: pam_unix(sudo:session): session closed for user root
Aug 10 07:57:45 ubuntu20-1 sshd[5548]: pam_unix(sshd:auth): authentication failure; logname= uid=0 euid=0 tty=ssh ruser= rhost=192.168.164.131  user=ubuntu
Aug 10 07:57:47 ubuntu20-1 sshd[5548]: Failed password for ubuntu from 192.168.164.131 port 35498 ssh2
Aug 10 08:03:41 ubuntu20-1 gdm-password]: gkr-pam: unlocked login keyring
Aug 10 08:15:24 ubuntu20-1 sudo: pam_unix(sudo:auth): authentication failure; logname=ubuntu uid=1000 euid=0 tty=/dev/pts/1 ruser=ubuntu rhost=  user=ubuntu
Aug 10 08:15:28 ubuntu20-1 sudo:   ubuntu : TTY=pts/1 ; PWD=/var/log ; USER=root ; COMMAND=/usr/bin/cat auth.log
Aug 10 08:15:28 ubuntu20-1 sudo: pam_unix(sudo:session): session opened for user root by ubuntu(uid=0)
Aug 10 08:15:28 ubuntu20-1 sudo: pam_unix(sudo:session): session closed for user root
Aug 10 08:15:47 ubuntu20-1 sudo:   ubuntu : TTY=pts/1 ; PWD=/var/log ; USER=root ; COMMAND=/usr/bin/cat auth.log
Aug 10 08:15:47 ubuntu20-1 sudo: pam_unix(sudo:session): session opened for user root by ubuntu(uid=0)
Aug 10 08:15:47 ubuntu20-1 sudo: pam_unix(sudo:session): session closed for user root
Aug 10 08:17:01 ubuntu20-1 CRON[5647]: pam_unix(cron:session): session opened for user root by (uid=0)
Aug 10 08:17:01 ubuntu20-1 CRON[5647]: pam_unix(cron:session): session closed for user root
Aug 10 08:17:37 ubuntu20-1 sudo:   ubuntu : TTY=pts/1 ; PWD=/var/log ; USER=root ; COMMAND=/usr/bin/cat auth.log
Aug 10 08:17:37 ubuntu20-1 sudo: pam_unix(sudo:session): session opened for user root by ubuntu(uid=0)
Aug 10 08:17:37 ubuntu20-1 sudo: pam_unix(sudo:session): session closed for user root
Aug 10 08:26:51 ubuntu20-1 sudo:   ubuntu : TTY=pts/1 ; PWD=/var/log ; USER=root ; COMMAND=/usr/bin/cp auth.log ../home
Aug 10 08:26:51 ubuntu20-1 sudo: pam_unix(sudo:session): session opened for user root by ubuntu(uid=0)
Aug 10 08:26:51 ubuntu20-1 sudo: pam_unix(sudo:session): session closed for user root
Aug 10 08:27:38 ubuntu20-1 sudo:   ubuntu : TTY=pts/1 ; PWD=/home ; USER=root ; COMMAND=/usr/bin/cp auth.log ./home
Aug 10 08:27:38 ubuntu20-1 sudo: pam_unix(sudo:session): session opened for user root by ubuntu(uid=0)
Aug 10 08:27:38 ubuntu20-1 sudo: pam_unix(sudo:session): session closed for user root
Aug 10 08:27:42 ubuntu20-1 gdm-password]: gkr-pam: unlocked login keyring
Aug 10 08:30:01 ubuntu20-1 CRON[6034]: pam_unix(cron:session): session opened for user root by (uid=0)
Aug 10 08:30:01 ubuntu20-1 CRON[6034]: pam_unix(cron:session): session closed for user root
Aug 10 08:35:04 ubuntu20-1 sshd[3248]: Received disconnect from 192.168.164.1 port 62242:11: disconnected by user
Aug 10 08:35:04 ubuntu20-1 sshd[3248]: Disconnected from user ubuntu 192.168.164.1 port 62242
Aug 10 08:35:05 ubuntu20-1 sshd[2942]: pam_unix(sshd:session): session closed for user ubuntu
Aug 10 08:35:05 ubuntu20-1 systemd-logind[841]: Session 4 logged out. Waiting for processes to exit.
Aug 10 08:35:05 ubuntu20-1 systemd-logind[841]: Removed session 4.
Aug 10 08:35:49 ubuntu20-1 sshd[6063]: Accepted password for ubuntu from 192.168.164.1 port 60700 ssh2
Aug 10 08:35:49 ubuntu20-1 sshd[6063]: pam_unix(sshd:session): session opened for user ubuntu by (uid=0)
Aug 10 08:35:49 ubuntu20-1 systemd-logind[841]: New session 10 of user ubuntu.
